<?xml version="1.0" encoding="UTF-8"?>
<!-- Generated by org.testng.reporters.JUnitReportReporter -->
<testsuite hostname="LAPTOP-P3QDA48J" name="com.day6.TestRemoveDuplicateInArray" tests="1" failures="0" timestamp="12 Oct 2018 16:52:36 GMT" time="0.038" errors="0">
  <testcase name="test_removeDuplicatesInArray" time="0.038" classname="com.day6.TestRemoveDuplicateInArray"/>
</testsuite>
