<?xml version="1.0" encoding="UTF-8"?>
<!-- Generated by org.testng.reporters.JUnitReportReporter -->
<testsuite hostname="LAPTOP-P3QDA48J" name="com.day6.exercises.day6_DataProvider" tests="3" failures="0" timestamp="12 Oct 2018 15:13:21 GMT" time="0.050" errors="0">
  <testcase name="verifyMyData" time="0.005" classname="com.day6.exercises.day6_DataProvider"/>
  <testcase name="verifyMyData" time="0.005" classname="com.day6.exercises.day6_DataProvider"/>
  <testcase name="verifyMyData" time="0.040" classname="com.day6.exercises.day6_DataProvider"/>
</testsuite>
