<?xml version="1.0" encoding="UTF-8"?>
<!-- Generated by org.testng.reporters.JUnitReportReporter -->
<testsuite hostname="LAPTOP-P3QDA48J" name="com.day5.testing.Test_day5_01" tests="2" failures="0" timestamp="9 Oct 2018 20:32:52 GMT" time="0.046" errors="0">
  <testcase name="test_reverseSentence" time="0.043" classname="com.day5.testing.Test_day5_01"/>
  <testcase name="test_reverseSentence_StringBuilder" time="0.003" classname="com.day5.testing.Test_day5_01"/>
</testsuite>
