<?xml version="1.0" encoding="UTF-8"?>
<!-- Generated by org.testng.reporters.JUnitReportReporter -->
<testsuite hostname="LAPTOP-P3QDA48J" name="com.day6.exercises.TestNGMultipleDataProviderExample" tests="9" failures="0" timestamp="12 Oct 2018 15:23:48 GMT" time="0.103" errors="0">
  <testcase name="testMultiplMethod" time="0.010" classname="com.day6.exercises.TestNGMultipleDataProviderExample"/>
  <testcase name="testAddMethod" time="0.003" classname="com.day6.exercises.TestNGMultipleDataProviderExample"/>
  <testcase name="testSubstrMethod" time="0.004" classname="com.day6.exercises.TestNGMultipleDataProviderExample"/>
  <testcase name="testAddMethod" time="0.063" classname="com.day6.exercises.TestNGMultipleDataProviderExample"/>
  <testcase name="testAddMethod" time="0.003" classname="com.day6.exercises.TestNGMultipleDataProviderExample"/>
  <testcase name="testMultiplMethod" time="0.009" classname="com.day6.exercises.TestNGMultipleDataProviderExample"/>
  <testcase name="testMultiplMethod" time="0.003" classname="com.day6.exercises.TestNGMultipleDataProviderExample"/>
  <testcase name="testSubstrMethod" time="0.004" classname="com.day6.exercises.TestNGMultipleDataProviderExample"/>
  <testcase name="testSubstrMethod" time="0.004" classname="com.day6.exercises.TestNGMultipleDataProviderExample"/>
</testsuite>
