<?xml version="1.0" encoding="UTF-8"?>
<!-- Generated by org.testng.reporters.JUnitReportReporter -->
<testsuite hostname="LAPTOP-P3QDA48J" failures="0" tests="2" name="com.day5.testing.Test_day5_02" time="0.006" errors="0" timestamp="9 Oct 2018 19:36:28 GMT">
  <testcase classname="com.day5.testing.Test_day5_02" name="test_reverseSentence_StringBuilder" time="0.000"/>
  <testcase classname="com.day5.testing.Test_day5_02" name="test_reverseSentence" time="0.006"/>
</testsuite>
