<?xml version="1.0" encoding="UTF-8"?>
<!-- Generated by org.testng.reporters.JUnitReportReporter -->
<testsuite hostname="LAPTOP-P3QDA48J" failures="0" tests="1" name="com.week2.day4.examples.tests.testComputeSum" time="0.030" errors="0" timestamp="9 Oct 2018 17:06:46 GMT">
  <testcase classname="com.week2.day4.examples.tests.testComputeSum" name="testSumNumbers" time="0.030"/>
</testsuite>
